app/build/outputs/logs/manifest-merger-debug-report.txt
-- Merging decision tree log ---
manifest
ADDED from src\main\AndroidManifest.xml:2:1-77:12
	package
		ADDED from src\main\AndroidManifest.xml:3:5-42
		INJECTED from src\main\AndroidManifest.xml
		INJECTED from src\main\AndroidManifest.xml
	android:versionName
		INJECTED from src\main\AndroidManifest.xml
		INJECTED from src\main\AndroidManifest.xml
	xmlns:android
		ADDED from src\main\AndroidManifest.xml:2:11-69
	android:versionCode
		INJECTED from src\main\AndroidManifest.xml
		INJECTED from src\main\AndroidManifest.xml
uses-permission#android.permission.BLUETOOTH
ADDED from src\main\AndroidManifest.xml:5:5-68
	android:name
		ADDED from src\main\AndroidManifest.xml:5:22-65
application
ADDED from src\main\AndroidManifest.xml:6:5-62:19
MERGED from [com.android.support:design:24.2.1] AndroidManifest.xml:22:5-20
MERGED from [com.android.support:support-v4:24.2.1] AndroidManifest.xml:25:5-20
MERGED from [com.android.support:support-compat:24.2.1] AndroidManifest.xml:25:5-20
MERGED from [com.android.support:support-media-compat:24.2.1] AndroidManifest.xml:25:5-20
MERGED from [com.android.support:support-core-utils:24.2.1] AndroidManifest.xml:25:5-20
MERGED from [com.android.support:support-core-ui:24.2.1] AndroidManifest.xml:25:5-20
MERGED from [com.android.support:support-fragment:24.2.1] AndroidManifest.xml:25:5-20
MERGED from [com.android.support:appcompat-v7:24.2.1] AndroidManifest.xml:25:5-20
MERGED from [com.android.support:support-vector-drawable:24.2.1] AndroidManifest.xml:23:5-20
MERGED from [com.android.support:animated-vector-drawable:24.2.1] AndroidManifest.xml:22:5-20
MERGED from [com.google.android.gms:play-services-appindexing:8.4.0] AndroidManifest.xml:19:5-20
MERGED from [com.google.android.gms:play-services-basement:8.4.0] AndroidManifest.xml:20:5-24:19
	android:label
		ADDED from src\main\AndroidManifest.xml:9:9-41
	android:supportsRtl
		ADDED from src\main\AndroidManifest.xml:10:9-35
	android:allowBackup
		ADDED from src\main\AndroidManifest.xml:7:9-35
	android:icon
		ADDED from src\main\AndroidManifest.xml:8:9-43
	android:theme
		ADDED from src\main\AndroidManifest.xml:11:9-40
activity#com.google.zxing.client.android.CaptureActivity
ADDED from src\main\AndroidManifest.xml:13:9-23:20
	android:screenOrientation
		ADDED from src\main\AndroidManifest.xml:15:13-50
	android:windowSoftInputMode
		ADDED from src\main\AndroidManifest.xml:18:13-60
	android:configChanges
		ADDED from src\main\AndroidManifest.xml:16:13-63
	android:theme
		ADDED from src\main\AndroidManifest.xml:17:13-60
	android:name
		ADDED from src\main\AndroidManifest.xml:14:13-75
intent-filter#android.intent.category.LAUNCHER+com.google.zxing.client.android.SCAN
ADDED from src\main\AndroidManifest.xml:19:13-22:29
action#com.google.zxing.client.android.SCAN
ADDED from src\main\AndroidManifest.xml:20:17-78
	android:name
		ADDED from src\main\AndroidManifest.xml:20:25-76
category#android.intent.category.LAUNCHER
ADDED from src\main\AndroidManifest.xml:21:17-76
	android:name
		ADDED from src\main\AndroidManifest.xml:21:27-74
activity#com.google.zxing.client.android.CaptureActivity2
ADDED from src\main\AndroidManifest.xml:24:9-34:16
	android:screenOrientation
		ADDED from src\main\AndroidManifest.xml:26:9-46
	android:windowSoftInputMode
		ADDED from src\main\AndroidManifest.xml:29:9-56
	android:configChanges
		ADDED from src\main\AndroidManifest.xml:27:9-59
	android:theme
		ADDED from src\main\AndroidManifest.xml:28:9-56
	android:name
		ADDED from src\main\AndroidManifest.xml:25:9-72
activity#com.example.msg_application.TitleActivity
ADDED from src\main\AndroidManifest.xml:36:9-43:24
	android:theme
		ADDED from src\main\AndroidManifest.xml:37:13-56
	android:name
		ADDED from src\main\AndroidManifest.xml:36:19-48
intent-filter#android.intent.action.Main+android.intent.category.LAUNCHER
ADDED from src\main\AndroidManifest.xml:38:13-41:29
action#android.intent.action.Main
ADDED from src\main\AndroidManifest.xml:39:17-68
	android:name
		ADDED from src\main\AndroidManifest.xml:39:25-66
activity#com.example.msg_application.SplashActivity
ADDED from src\main\AndroidManifest.xml:45:9-47:62
	android:configChanges
		ADDED from src\main\AndroidManifest.xml:46:13-63
	android:theme
		ADDED from src\main\AndroidManifest.xml:47:13-60
	android:name
		ADDED from src\main\AndroidManifest.xml:45:19-48
activity#com.example.msg_application.MainActivity
ADDED from src\main\AndroidManifest.xml:48:9-57:20
	android:label
		ADDED from src\main\AndroidManifest.xml:50:13-45
	android:theme
		ADDED from src\main\AndroidManifest.xml:51:13-56
	android:name
		ADDED from src\main\AndroidManifest.xml:49:13-41
intent-filter#android.intent.action.MAIN+android.intent.category.LAUNCHER
ADDED from src\main\AndroidManifest.xml:52:13-56:29
action#android.intent.action.MAIN
ADDED from src\main\AndroidManifest.xml:53:17-69
	android:name
		ADDED from src\main\AndroidManifest.xml:53:25-66
meta-data#com.google.android.gms.version
ADDED from src\main\AndroidManifest.xml:59:9-61:69
MERGED from [com.google.android.gms:play-services-basement:8.4.0] AndroidManifest.xml:21:9-23:69
	android:value
		ADDED from src\main\AndroidManifest.xml:61:13-66
	android:name
		ADDED from src\main\AndroidManifest.xml:60:13-58
service#com.example.msg_application.service.BTCTemplateService
ADDED from src\main\AndroidManifest.xml:63:5-71:15
	android:label
		ADDED from src\main\AndroidManifest.xml:66:9-45
	android:configChanges
		ADDED from src\main\AndroidManifest.xml:67:9-70
	android:icon
		ADDED from src\main\AndroidManifest.xml:65:9-45
	android:name
		ADDED from src\main\AndroidManifest.xml:64:9-79
intent-filter#com.example.msg_application.service.BTCTemplateService
ADDED from src\main\AndroidManifest.xml:68:9-70:25
action#com.example.msg_application.service.BTCTemplateService
ADDED from src\main\AndroidManifest.xml:69:13-92
	android:name
		ADDED from src\main\AndroidManifest.xml:69:21-90
uses-feature#android.hardware.camera
ADDED from src\main\AndroidManifest.xml:72:1-55
	android:name
		ADDED from src\main\AndroidManifest.xml:72:15-53
uses-permission#android.permission.CAMERA
ADDED from src\main\AndroidManifest.xml:73:1-60
	android:name
		ADDED from src\main\AndroidManifest.xml:73:18-58
uses-permission#android.permission.INTERNET
ADDED from src\main\AndroidManifest.xml:74:1-62
	android:name
		ADDED from src\main\AndroidManifest.xml:74:18-60
uses-permission#android.permission.FLASHLIGHT
ADDED from src\main\AndroidManifest.xml:75:1-64
	android:name
		ADDED from src\main\AndroidManifest.xml:75:18-62
uses-permission#android.permission.WRITE_EXTERNAL_STORAGE
ADDED from src\main\AndroidManifest.xml:76:1-76
	android:name
		ADDED from src\main\AndroidManifest.xml:76:18-74
uses-sdk
INJECTED from src\main\AndroidManifest.xml reason: use-sdk injection requested
MERGED from [com.android.support:design:24.2.1] AndroidManifest.xml:20:5-43
MERGED from [com.android.support:support-v4:24.2.1] AndroidManifest.xml:21:5-23:54
MERGED from [com.android.support:support-compat:24.2.1] AndroidManifest.xml:21:5-23:58
MERGED from [com.android.support:support-media-compat:24.2.1] AndroidManifest.xml:21:5-23:63
MERGED from [com.android.support:support-core-utils:24.2.1] AndroidManifest.xml:21:5-23:61
MERGED from [com.android.support:support-core-ui:24.2.1] AndroidManifest.xml:21:5-23:58
MERGED from [com.android.support:support-fragment:24.2.1] AndroidManifest.xml:21:5-23:60
MERGED from [com.android.support:appcompat-v7:24.2.1] AndroidManifest.xml:21:5-23:78
MERGED from [com.android.support:support-vector-drawable:24.2.1] AndroidManifest.xml:21:5-43
MERGED from [com.android.support:animated-vector-drawable:24.2.1] AndroidManifest.xml:20:5-44
MERGED from [com.android.support:recyclerview-v7:24.2.1] AndroidManifest.xml:20:5-43
MERGED from [com.google.android.gms:play-services-appindexing:8.4.0] AndroidManifest.xml:18:5-42
MERGED from [com.google.android.gms:play-services-base:8.4.0] AndroidManifest.xml:18:5-42
MERGED from [com.google.android.gms:play-services-basement:8.4.0] AndroidManifest.xml:18:5-42
	tools:overrideLibrary
		ADDED from [com.android.support:support-v4:24.2.1] AndroidManifest.xml:23:9-51
	android:targetSdkVersion
		INJECTED from src\main\AndroidManifest.xml
		INJECTED from src\main\AndroidManifest.xml
	android:minSdkVersion
		INJECTED from src\main\AndroidManifest.xml
		INJECTED from src\main\AndroidManifest.xml